<?xml version="1.0" encoding="UTF-8"?>
<testng-results ignored="0" total="1" passed="1" failed="0" skipped="0">
  <reporter-output>
  </reporter-output>
  <suite started-at="2026-07-12T19:05:59 EDT" name="Default suite" finished-at="2026-07-12T19:06:15 EDT" duration-ms="15582">
    <groups>
    </groups>
    <test started-at="2026-07-12T19:05:59 EDT" name="Default test" finished-at="2026-07-12T19:06:15 EDT" duration-ms="15582">
      <class name="tests.LoginTest">
        <test-method is-config="true" signature="initializeDriver()[pri:0, instance:tests.LoginTest@2d1ef81a]" started-at="2026-07-12T19:06:00 EDT" name="initializeDriver" finished-at="2026-07-12T19:06:03 EDT" duration-ms="3466" status="PASS">
          <reporter-output>
          </reporter-output>
        </test-method> <!-- initializeDriver -->
        <test-method is-config="true" signature="setUp()[pri:0, instance:tests.LoginTest@2d1ef81a]" started-at="2026-07-12T19:06:03 EDT" name="setUp" finished-at="2026-07-12T19:06:05 EDT" duration-ms="2280" status="PASS">
          <reporter-output>
          </reporter-output>
        </test-method> <!-- setUp -->
        <test-method signature="validLoginTest()[pri:0, instance:tests.LoginTest@2d1ef81a]" started-at="2026-07-12T19:06:05 EDT" name="validLoginTest" finished-at="2026-07-12T19:06:14 EDT" duration-ms="9175" status="PASS">
          <reporter-output>
          </reporter-output>
        </test-method> <!-- validLoginTest -->
        <test-method is-config="true" signature="closeBrowser()[pri:0, instance:tests.LoginTest@2d1ef81a]" started-at="2026-07-12T19:06:14 EDT" name="closeBrowser" finished-at="2026-07-12T19:06:15 EDT" duration-ms="593" status="PASS">
          <reporter-output>
          </reporter-output>
        </test-method> <!-- closeBrowser -->
        <test-method is-config="true" signature="tearDown()[pri:0, instance:tests.LoginTest@2d1ef81a]" started-at="2026-07-12T19:06:15 EDT" name="tearDown" finished-at="2026-07-12T19:06:15 EDT" duration-ms="0" status="PASS">
          <reporter-output>
          </reporter-output>
        </test-method> <!-- tearDown -->
      </class> <!-- tests.LoginTest -->
    </test> <!-- Default test -->
  </suite> <!-- Default suite -->
</testng-results>
